2023-03-31 09:43:00,004 training INFO: Namespace(clean=False, config_file='/home/isalab301/yyl/VecCD/config-files/VectorCD_hrnet48.yaml', opts=[], seed=2)
2023-03-31 09:43:00,005 training INFO: Loaded configuration file /home/isalab301/yyl/VecCD/config-files/VectorCD_hrnet48.yaml
2023-03-31 09:43:00,005 training INFO: 
SOLVER:
  IMS_PER_BATCH: 6 #10
  BASE_LR: 1e-4 #1e-4
  MAX_EPOCH: 50
  STEPS: (40,)
  WEIGHT_DECAY: 0.0001
  CHECKPOINT_PERIOD: 1
  OPTIMIZER: "ADAM"
  AMSGRAD: True

DATALOADER:
  NUM_WORKERS: 8

DATASETS:
  IMAGE:
    PIXEL_MEAN: [109.730, 103.832, 98.681]   #
    PIXEL_STD: [22.275, 22.124, 23.229]   #
    TO_255: True   #
    HEIGHT: 512
    WIDTH: 512
  TARGET:
    HEIGHT: 128
    WIDTH: 128
  ORIGIN:
    HEIGHT: 512
    WIDTH: 512
  TRAIN: ("VectorCD_train",)
  TEST: ("VectorCD_test",)

MODEL:
  NAME: "HRNet48v2"
  HEAD_SIZE: [[2]]
  OUT_FEATURE_CHANNELS: 256
  LOSS_WEIGHTS:
    loss_joff: 0.25    # joff  regression
    loss_jloc_bce: 8.0     # jloc  classification
    loss_jloc_A: 2.0
    loss_jloc_B: 2.0
    #loss_jloc_dice: 4.0
    loss_mask: 4.0


OUTPUT_DIR: "./outputs/VectorCD_hrnet48"

2023-03-31 09:43:00,006 training INFO: Running with config:
DATALOADER:
  NUM_WORKERS: 8
DATASETS:
  IMAGE:
    HEIGHT: 512
    PIXEL_MEAN: [109.73, 103.832, 98.681]
    PIXEL_STD: [22.275, 22.124, 23.229]
    TO_255: True
    WIDTH: 512
  ORIGIN:
    HEIGHT: 512
    WIDTH: 512
  ROTATE_F: False
  TARGET:
    HEIGHT: 128
    WIDTH: 128
  TEST: ('VectorCD_test',)
  TRAIN: ('VectorCD_train',)
  VAL: ('crowdai_train_small',)
MODEL:
  DEVICE: cuda
  HEAD_SIZE: [[2]]
  LOSS_WEIGHTS:
    loss_jloc_A: 2.0
    loss_jloc_B: 2.0
    loss_jloc_bce: 8.0
    loss_joff: 0.25
    loss_mask: 4.0
  NAME: HRNet48v2
  OUT_FEATURE_CHANNELS: 256
OUTPUT_DIR: ./outputs/VectorCD_hrnet48
SOLVER:
  AMSGRAD: True
  BACKBONE_LR_FACTOR: 1.0
  BASE_LR: 0.0001
  BIAS_LR_FACTOR: 1
  CHECKPOINT_PERIOD: 1
  GAMMA: 0.1
  IMS_PER_BATCH: 6
  MAX_EPOCH: 50
  MOMENTUM: 0.9
  OPTIMIZER: ADAM
  STATIC_STEP: 25
  STEPS: (40,)
  WEIGHT_DECAY: 0.0001
  WEIGHT_DECAY_BIAS: 0
2023-03-31 09:43:00,006 training INFO: Saving config into: ./outputs/VectorCD_hrnet48/config.yml
2023-03-31 09:55:13,029 training INFO: Namespace(clean=False, config_file='/home/isalab301/yyl/VecCD/config-files/VectorCD_hrnet48.yaml', opts=[], seed=2)
2023-03-31 09:55:13,029 training INFO: Loaded configuration file /home/isalab301/yyl/VecCD/config-files/VectorCD_hrnet48.yaml
2023-03-31 09:55:13,029 training INFO: 
SOLVER:
  IMS_PER_BATCH: 6 #10
  BASE_LR: 1e-4 #1e-4
  MAX_EPOCH: 50
  STEPS: (40,)
  WEIGHT_DECAY: 0.0001
  CHECKPOINT_PERIOD: 1
  OPTIMIZER: "ADAM"
  AMSGRAD: True

DATALOADER:
  NUM_WORKERS: 8

DATASETS:
  IMAGE:
    PIXEL_MEAN: [109.730, 103.832, 98.681]   #
    PIXEL_STD: [22.275, 22.124, 23.229]   #
    TO_255: True   #
    HEIGHT: 512
    WIDTH: 512
  TARGET:
    HEIGHT: 128
    WIDTH: 128
  ORIGIN:
    HEIGHT: 512
    WIDTH: 512
  TRAIN: ("VectorCD_train",)
  TEST: ("VectorCD_test",)

MODEL:
  NAME: "HRNet48v2"
  HEAD_SIZE: [[2]]
  OUT_FEATURE_CHANNELS: 256
  LOSS_WEIGHTS:
    loss_joff: 0.25    # joff  regression
    loss_jloc_bce: 8.0     # jloc  classification
    loss_jloc_A: 2.0
    loss_jloc_B: 2.0
    #loss_jloc_dice: 4.0
    loss_mask: 4.0


OUTPUT_DIR: "./outputs/VectorCD_hrnet48"

2023-03-31 09:55:13,029 training INFO: Running with config:
DATALOADER:
  NUM_WORKERS: 8
DATASETS:
  IMAGE:
    HEIGHT: 512
    PIXEL_MEAN: [109.73, 103.832, 98.681]
    PIXEL_STD: [22.275, 22.124, 23.229]
    TO_255: True
    WIDTH: 512
  ORIGIN:
    HEIGHT: 512
    WIDTH: 512
  ROTATE_F: False
  TARGET:
    HEIGHT: 128
    WIDTH: 128
  TEST: ('VectorCD_test',)
  TRAIN: ('VectorCD_train',)
  VAL: ('crowdai_train_small',)
MODEL:
  DEVICE: cuda
  HEAD_SIZE: [[2]]
  LOSS_WEIGHTS:
    loss_jloc_A: 2.0
    loss_jloc_B: 2.0
    loss_jloc_bce: 8.0
    loss_joff: 0.25
    loss_mask: 4.0
  NAME: HRNet48v2
  OUT_FEATURE_CHANNELS: 256
OUTPUT_DIR: ./outputs/VectorCD_hrnet48
SOLVER:
  AMSGRAD: True
  BACKBONE_LR_FACTOR: 1.0
  BASE_LR: 0.0001
  BIAS_LR_FACTOR: 1
  CHECKPOINT_PERIOD: 1
  GAMMA: 0.1
  IMS_PER_BATCH: 6
  MAX_EPOCH: 50
  MOMENTUM: 0.9
  OPTIMIZER: ADAM
  STATIC_STEP: 25
  STEPS: (40,)
  WEIGHT_DECAY: 0.0001
  WEIGHT_DECAY_BIAS: 0
2023-03-31 09:55:13,029 training INFO: Saving config into: ./outputs/VectorCD_hrnet48/config.yml
2023-03-31 11:19:47,341 training INFO: Namespace(clean=False, config_file='/home/isalab301/yyl/VecCD/config-files/VectorCD_hrnet48.yaml', opts=[], seed=2)
2023-03-31 11:19:47,341 training INFO: Loaded configuration file /home/isalab301/yyl/VecCD/config-files/VectorCD_hrnet48.yaml
2023-03-31 11:19:47,341 training INFO: 
SOLVER:
  IMS_PER_BATCH: 6 #10
  BASE_LR: 1e-4 #1e-4
  MAX_EPOCH: 50
  STEPS: (40,)
  WEIGHT_DECAY: 0.0001
  CHECKPOINT_PERIOD: 1
  OPTIMIZER: "ADAM"
  AMSGRAD: True

DATALOADER:
  NUM_WORKERS: 8

DATASETS:
  IMAGE:
    PIXEL_MEAN: [109.730, 103.832, 98.681]   #
    PIXEL_STD: [22.275, 22.124, 23.229]   #
    TO_255: True   #
    HEIGHT: 512
    WIDTH: 512
  TARGET:
    HEIGHT: 128
    WIDTH: 128
  ORIGIN:
    HEIGHT: 512
    WIDTH: 512
  TRAIN: ("VectorCD_train",)
  TEST: ("VectorCD_test",)

MODEL:
  NAME: "HRNet48v2"
  HEAD_SIZE: [[2]]
  OUT_FEATURE_CHANNELS: 256
  LOSS_WEIGHTS:
    loss_joff: 0.25    # joff  regression
    loss_jloc_bce: 8.0     # jloc  classification
    loss_jloc_A: 2.0
    loss_jloc_B: 2.0
    #loss_jloc_dice: 4.0
    loss_mask: 4.0


OUTPUT_DIR: "./outputs/VectorCD_hrnet48"

2023-03-31 11:19:47,341 training INFO: Running with config:
DATALOADER:
  NUM_WORKERS: 8
DATASETS:
  IMAGE:
    HEIGHT: 512
    PIXEL_MEAN: [109.73, 103.832, 98.681]
    PIXEL_STD: [22.275, 22.124, 23.229]
    TO_255: True
    WIDTH: 512
  ORIGIN:
    HEIGHT: 512
    WIDTH: 512
  ROTATE_F: False
  TARGET:
    HEIGHT: 128
    WIDTH: 128
  TEST: ('VectorCD_test',)
  TRAIN: ('VectorCD_train',)
  VAL: ('crowdai_train_small',)
MODEL:
  DEVICE: cuda
  HEAD_SIZE: [[2]]
  LOSS_WEIGHTS:
    loss_jloc_A: 2.0
    loss_jloc_B: 2.0
    loss_jloc_bce: 8.0
    loss_joff: 0.25
    loss_mask: 4.0
  NAME: HRNet48v2
  OUT_FEATURE_CHANNELS: 256
OUTPUT_DIR: ./outputs/VectorCD_hrnet48
SOLVER:
  AMSGRAD: True
  BACKBONE_LR_FACTOR: 1.0
  BASE_LR: 0.0001
  BIAS_LR_FACTOR: 1
  CHECKPOINT_PERIOD: 1
  GAMMA: 0.1
  IMS_PER_BATCH: 6
  MAX_EPOCH: 50
  MOMENTUM: 0.9
  OPTIMIZER: ADAM
  STATIC_STEP: 25
  STEPS: (40,)
  WEIGHT_DECAY: 0.0001
  WEIGHT_DECAY_BIAS: 0
2023-03-31 11:19:47,341 training INFO: Saving config into: ./outputs/VectorCD_hrnet48/config.yml
2023-03-31 11:19:56,742 training INFO: eta: 7:18:37 epoch: 1 iter: 0 data: 1.5491 (1.5491) loss: 10.9382 (10.9382) loss_jloc_A: 0.6585 (0.6585) loss_jloc_B: 0.6610 (0.6610) loss_jloc_bce: 0.6947 (0.6947) loss_joff: 0.2698 (0.2698) loss_mask: 0.6685 (0.6685) time: 4.6162 (4.6162) lr: 0.000100 max mem: 15098

